build/app/outputs/mapping/release/seeds.txt
com.example.incident_report_genartor.MainActivity
com.example.incident_report_genartor.MainActivity: MainActivity()
...
androidx.window.R$styleable: int SplitPlaceholderRule_splitRatio
androidx.window.R$styleable: int[] ActivityFilter
androidx.window.core.Version: androidx.window.core.Version VERSION_0_1
androidx.window.layout.SidecarCompat$DistinctElementCallback: java.util.concurrent.locks.ReentrantLock lock
androidx.window.layout.FoldingFeature$State: androidx.window.layout.FoldingFeature$State$Companion Companion
kotlinx.coroutines.CompletedExceptionally: int _handled
androidx.window.layout.DisplayCompatHelperApi28: androidx.window.layout.DisplayCompatHelperApi28 INSTANCE
kotlinx.coroutines.internal.LockFreeLinkedListNode: java.lang.Object _next
kotlinx.coroutines.internal.ThreadSafeHeap: int _size
androidx.window.R$styleable: int[] SplitPairFilter
androidx.lifecycle.Lifecycle$Event: androidx.lifecycle.Lifecycle$Event[] $VALUES
kotlinx.coroutines.DefaultExecutor: java.lang.Thread _thread
androidx.window.R$styleable: int[] ActivityRule
androidx.window.core.Version: java.lang.String description
androidx.window.embedding.ExtensionEmbeddingBackend: java.util.concurrent.CopyOnWriteArraySet splitRules
io.flutter.view.TextureRegistry$ImageTextureEntry: long id()
androidx.window.core.Version: boolean equals(java.lang.Object)
androidx.window.core.Version: int compareTo(androidx.window.core.Version)
androidx.window.embedding.EmbeddingAdapter: EmbeddingAdapter()
io.flutter.embedding.engine.FlutterJNI: void setAccessibilityDelegate(io.flutter.embedding.engine.FlutterJNI$AccessibilityDelegate)
kotlin.jvm.internal.CallableReference: java.lang.String getSignature()
androidx.core.app.CoreComponentFactory: CoreComponentFactory()
androidx.core.graphics.drawable.IconCompat$Api26Impl: android.graphics.drawable.Drawable createAdaptiveIconDrawable(android.graphics.drawable.Drawable,android.graphics.drawable.Drawable)
androidx.window.java.layout.WindowInfoTrackerCallbackAdapter: void addListener(java.util.concurrent.Executor,androidx.core.util.Consumer,kotlinx.coroutines.flow.Flow)
io.flutter.embedding.engine.FlutterJNI: void nativeNotifyLowMemoryWarning(long)
io.flutter.embedding.engine.renderer.FlutterRenderer$ImageReaderSurfaceProducer: long id()
androidx.window.embedding.SplitRule: int hashCode()
androidx.window.layout.WindowMetricsCalculatorCompat: androidx.window.layout.WindowMetrics computeCurrentWindowMetrics(android.app.Activity)
androidx.window.layout.WindowMetricsCalculatorCompat: android.view.DisplayCutout getCutoutForDisplay(android.view.Display)
androidx.window.layout.WindowMetrics: WindowMetrics(android.graphics.Rect)
kotlin.coroutines.AbstractCoroutineContextElement: java.lang.Object fold(java.lang.Object,kotlin.jvm.functions.Function2)
androidx.window.core.Bounds: int getTop()
androidx.window.embedding.EmbeddingCompat: void setEmbeddingCallback(androidx.window.embedding.EmbeddingInterfaceCompat$EmbeddingCallbackInterface)
androidx.window.core.Version$Companion: androidx.window.core.Version getVERSION_0_1()
androidx.window.embedding.ActivityStack: boolean contains(android.app.Activity)
androidx.window.layout.ExtensionWindowLayoutInfoBackend: void unregisterLayoutChangeCallback(androidx.core.util.Consumer)
androidx.window.embedding.SplitPlaceholderRule: SplitPlaceholderRule(java.util.Set,android.content.Intent,int,int,float,int)
io.flutter.embedding.engine.FlutterJNI: void setLocalizationPlugin(io.flutter.plugin.localization.LocalizationPlugin)
io.flutter.view.TextureRegistry$SurfaceTextureEntry$-CC: void $default$setOnFrameConsumedListener(io.flutter.view.TextureRegistry$SurfaceTextureEntry,io.flutter.view.TextureRegistry$OnFrameConsumedListener)
androidx.core.graphics.drawable.IconCompat$Api26Impl: android.graphics.drawable.Icon createWithAdaptiveBitmap(android.graphics.Bitmap)
io.flutter.view.AccessibilityViewEmbedder: boolean requestSendAccessibilityEvent(android.view.View,android.view.View,android.view.accessibility.AccessibilityEvent)
kotlinx.coroutines.CoroutineStart: kotlinx.coroutines.CoroutineStart[] values()