build/app/outputs/mapping/release/mapping.txt
# compiler: R8
# compiler_version: 3.3.70
# min_api: 21
# common_typos_disable
# {"id":"com.android.tools.r8.mapping","version":"2.0"}
# pg_map_id: e248988
# pg_map_hash: SHA-256 e24898830587e6193e7178c98cb427b00d2ae0f56dfb97b96d295dbe35ea6cd0
...
kotlinx.coroutines.CoroutineExceptionHandler$Key -> kotlinx.coroutines.CoroutineExceptionHandler$a:
    kotlinx.coroutines.CoroutineExceptionHandler$Key $$INSTANCE -> d
kotlinx.coroutines.CoroutineExceptionHandlerImplKt -> v0.g0:
    java.util.List handlers -> a
    void handleCoroutineExceptionImpl(kotlin.coroutines.CoroutineContext,java.lang.Throwable) -> a
kotlinx.coroutines.CoroutineExceptionHandlerKt -> v0.h0:
    void handleCoroutineException(kotlin.coroutines.CoroutineContext,java.lang.Throwable) -> a
    java.lang.Throwable handlerException(java.lang.Throwable,java.lang.Throwable) -> b
kotlinx.coroutines.CoroutineScope -> v0.i0:
    kotlin.coroutines.CoroutineContext getCoroutineContext() -> h
kotlinx.coroutines.CoroutineScopeKt -> v0.j0:
    kotlinx.coroutines.CoroutineScope CoroutineScope(kotlin.coroutines.CoroutineContext) -> a
kotlinx.coroutines.CoroutineStart -> v0.k0:
    kotlinx.coroutines.CoroutineStart UNDISPATCHED -> g
    kotlinx.coroutines.CoroutineStart[] $VALUES -> h
    kotlinx.coroutines.CoroutineStart DEFAULT -> d
    kotlinx.coroutines.CoroutineStart ATOMIC -> f
    kotlinx.coroutines.CoroutineStart LAZY -> e
    kotlinx.coroutines.CoroutineStart[] $values() -> a
    void invoke(kotlin.jvm.functions.Function2,java.lang.Object,kotlin.coroutines.Continuation) -> b
    boolean isLazy() -> c
kotlinx.coroutines.CoroutineStart$WhenMappings -> v0.k0$a:
    int[] $EnumSwitchMapping$0 -> a
kotlinx.coroutines.CoroutinesInternalError -> v0.l0:
kotlinx.coroutines.DebugStringsKt -> v0.m0:
    java.lang.String getClassSimpleName(java.lang.Object) -> a
    java.lang.String getHexAddress(java.lang.Object) -> b
    java.lang.String toDebugString(kotlin.coroutines.Continuation) -> c
kotlinx.coroutines.DefaultExecutor -> v0.n0:
    kotlinx.coroutines.DefaultExecutor INSTANCE -> j
    long KEEP_ALIVE_NANOS -> k
    void acknowledgeShutdownIfNeeded() -> P
    java.lang.Thread createThreadSync() -> Q
    boolean isShutdownRequested() -> R
    boolean notifyStartup() -> S
    java.lang.Thread getThread() -> y
kotlinx.coroutines.DispatchedCoroutine -> v0.o0:
    java.util.concurrent.atomic.AtomicIntegerFieldUpdater _decision$FU -> g
    void afterResume(java.lang.Object) -> s0
    void afterCompletion(java.lang.Object) -> w
    boolean tryResume() -> x0
kotlinx.coroutines.DispatchedTask -> v0.p0:
    int resumeMode -> f
    void cancelCompletedResult$kotlinx_coroutines_core(java.lang.Object,java.lang.Throwable) -> b
    kotlin.coroutines.Continuation getDelegate$kotlinx_coroutines_core() -> c
    java.lang.Throwable getExceptionalResult$kotlinx_coroutines_core(java.lang.Object) -> e
    java.lang.Object getSuccessfulResult$kotlinx_coroutines_core(java.lang.Object) -> f
    void handleFatalException(java.lang.Throwable,java.lang.Throwable) -> h
    java.lang.Object takeState$kotlinx_coroutines_core() -> j
kotlinx.coroutines.DispatchedTaskKt -> v0.q0:
    void dispatch(kotlinx.coroutines.DispatchedTask,int) -> a
    boolean isCancellableMode(int) -> b
    boolean isReusableMode(int) -> c
    void resume(kotlinx.coroutines.DispatchedTask,kotlin.coroutines.Continuation,boolean) -> d
    void resumeUnconfined(kotlinx.coroutines.DispatchedTask) -> e
kotlinx.coroutines.DispatcherExecutor -> v0.r0:
    kotlinx.coroutines.CoroutineDispatcher dispatcher -> d
kotlinx.coroutines.Dispatchers -> v0.s0:
    kotlinx.coroutines.Dispatchers INSTANCE -> a
    kotlinx.coroutines.CoroutineDispatcher IO -> d
    kotlinx.coroutines.CoroutineDispatcher Unconfined -> c
    kotlinx.coroutines.CoroutineDispatcher Default -> b
    kotlinx.coroutines.CoroutineDispatcher getDefault() -> a
    kotlinx.coroutines.CoroutineDispatcher getIO() -> b
    kotlinx.coroutines.MainCoroutineDispatcher getMain() -> c
kotlinx.coroutines.DisposableHandle -> v0.t0:
    void dispose() -> a
kotlinx.coroutines.Empty -> v0.u0:
    boolean isActive -> d
    boolean isActive() -> b
    kotlinx.coroutines.NodeList getList() -> f