build/app/outputs/mapping/release/usage.txt
com.example.incident_report_genartor.BuildConfig
com.example.incident_report_genartor.R$attr
com.example.incident_report_genartor.R$color
com.example.incident_report_genartor.R$dimen
com.example.incident_report_genartor.R$drawable
com.example.incident_report_genartor.R$id
com.example.incident_report_genartor.R$integer
com.example.incident_report_genartor.R$layout
com.example.incident_report_genartor.R$mipmap
com.example.incident_report_genartor.R$string
com.example.incident_report_genartor.R$style
com.example.incident_report_genartor.R$styleable
com.example.incident_report_genartor.R$xml
com.example.incident_report_genartor.R
...
androidx.core.util.Pools$SynchronizedPool
androidx.core.util.Pools
androidx.core.util.Preconditions:
    private void <init>()
    public static void checkArgument(boolean)
    public static void checkArgument(boolean,java.lang.Object)
    public static varargs void checkArgument(boolean,java.lang.String,java.lang.Object[])
    public static float checkArgumentFinite(float,java.lang.String)
    public static double checkArgumentInRange(double,double,double,java.lang.String)
    public static float checkArgumentInRange(float,float,float,java.lang.String)
    public static int checkArgumentInRange(int,int,int,java.lang.String)
    public static long checkArgumentInRange(long,long,long,java.lang.String)
    public static int checkArgumentNonnegative(int)
    public static int checkArgumentNonnegative(int,java.lang.String)
    public static int checkFlagsArgument(int,int)
    public static java.lang.Object checkNotNull(java.lang.Object,java.lang.Object)
    public static void checkState(boolean)
    public static void checkState(boolean,java.lang.String)
    public static java.lang.CharSequence checkStringNotEmpty(java.lang.CharSequence)
    public static java.lang.CharSequence checkStringNotEmpty(java.lang.CharSequence,java.lang.Object)
    public static varargs java.lang.CharSequence checkStringNotEmpty(java.lang.CharSequence,java.lang.String,java.lang.Object[])
androidx.core.util.Predicate
androidx.core.util.RangeKt$toClosedRange$1
androidx.core.util.RangeKt
androidx.core.util.RunnableKt
androidx.core.util.SizeFCompat$Api21Impl
androidx.core.util.SizeFCompat
androidx.core.util.SizeKt
androidx.core.util.SparseArrayKt$keyIterator$1
androidx.core.util.SparseArrayKt$valueIterator$1
androidx.core.util.SparseArrayKt
androidx.core.util.SparseBooleanArrayKt$keyIterator$1
androidx.core.util.SparseBooleanArrayKt$valueIterator$1
androidx.core.util.SparseBooleanArrayKt
androidx.core.util.SparseIntArrayKt$keyIterator$1
androidx.core.util.SparseIntArrayKt$valueIterator$1
androidx.core.util.SparseIntArrayKt
androidx.core.util.SparseLongArrayKt$keyIterator$1
androidx.core.util.SparseLongArrayKt$valueIterator$1
androidx.core.util.SparseLongArrayKt
androidx.core.util.Supplier
androidx.core.util.TimeUtils
androidx.core.util.TypedValueCompat$Api34Impl
androidx.core.util.TypedValueCompat$ComplexDimensionUnit
androidx.core.util.TypedValueCompat
androidx.core.view.AccessibilityDelegateCompat$AccessibilityDelegateAdapter
androidx.core.view.AccessibilityDelegateCompat$Api16Impl
androidx.core.view.AccessibilityDelegateCompat
androidx.core.view.ActionProvider$SubUiVisibilityListener
androidx.core.view.ActionProvider$VisibilityListener
androidx.core.view.ActionProvider
androidx.core.view.Api16Impl
androidx.core.view.ContentInfoCompat$Api31Impl
androidx.core.view.ContentInfoCompat$Builder
androidx.core.view.ContentInfoCompat$BuilderCompat31Impl
androidx.core.view.ContentInfoCompat$BuilderCompat
androidx.core.view.ContentInfoCompat$BuilderCompatImpl
androidx.core.view.ContentInfoCompat$Compat31Impl
androidx.core.view.ContentInfoCompat$Compat
androidx.core.view.ContentInfoCompat$CompatImpl
androidx.core.view.ContentInfoCompat$Flags
androidx.core.view.ContentInfoCompat$Source
androidx.core.view.ContentInfoCompat
androidx.core.view.DisplayCompat$Api17Impl
androidx.core.view.DisplayCompat$Api23Impl
androidx.core.view.DisplayCompat$ModeCompat$Api23Impl
androidx.core.view.DisplayCompat$ModeCompat
androidx.core.view.DisplayCompat
androidx.core.view.DisplayCutoutCompat$Api28Impl
androidx.core.view.DisplayCutoutCompat$Api29Impl
androidx.core.view.DisplayCutoutCompat$Api30Impl
androidx.core.view.DisplayCutoutCompat
androidx.core.view.DragAndDropPermissionsCompat$Api24Impl
androidx.core.view.DragAndDropPermissionsCompat
androidx.core.view.DragStartHelper$OnDragStartListener
androidx.core.view.DragStartHelper
androidx.core.view.GestureDetectorCompat$GestureDetectorCompatImpl
androidx.core.view.GestureDetectorCompat$GestureDetectorCompatImplBase$GestureHandler